<?xml version="1.0" encoding="UTF-8"?>
<robot generator="Robot 7.2.2 (Python 3.11.5 on win32)" generated="2025-04-10T17:42:40.589524" rpa="false" schemaversion="5">
<suite id="s1" name="Main" source="D:\work\file\study\git-progranm\python-auto\rf-yuechi\main.robot">
<test id="s1-t1" name="Login To System" line="11">
<kw name="Open Browser" owner="SeleniumLibrary">
<msg time="2025-04-10T17:42:40.841732" level="INFO">Opening browser 'Chrome' to base url 'https://zrdptest.ue-one.com/login'.</msg>
<arg>${LOGIN_URL}</arg>
<arg>${BROWSER}</arg>
<doc>Opens a new browser instance to the optional ``url``.</doc>
<status status="PASS" start="2025-04-10T17:42:40.841732" elapsed="8.282315"/>
</kw>
<kw name="Maximize Browser Window" owner="SeleniumLibrary">
<doc>Maximizes current browser window.</doc>
<status status="PASS" start="2025-04-10T17:42:49.125063" elapsed="0.046106"/>
</kw>
<kw name="Wait Until Page Contains Element" owner="SeleniumLibrary">
<msg time="2025-04-10T17:42:54.695127" level="INFO" html="true">&lt;/td&gt;&lt;/tr&gt;&lt;tr&gt;&lt;td colspan="3"&gt;&lt;a href="selenium-screenshot-1.png"&gt;&lt;img src="selenium-screenshot-1.png" width="800px"&gt;&lt;/a&gt;</msg>
<msg time="2025-04-10T17:42:54.696126" level="FAIL">Element 'xpath://input[@placeholder='请输入用户名']' did not appear in 5 seconds.</msg>
<arg>xpath://input[@placeholder='请输入用户名']</arg>
<doc>Waits until the element ``locator`` appears on the current page.</doc>
<status status="FAIL" start="2025-04-10T17:42:49.172167" elapsed="5.525566">Element 'xpath://input[@placeholder='请输入用户名']' did not appear in 5 seconds.</status>
</kw>
<kw name="Input Text" owner="SeleniumLibrary">
<arg>xpath://input[@placeholder='请输入用户名']</arg>
<arg>${USERNAME}</arg>
<doc>Types the given ``text`` into the text field identified by ``locator``.</doc>
<status status="NOT RUN" start="2025-04-10T17:42:54.697733" elapsed="0.000000"/>
</kw>
<kw name="Input Text" owner="SeleniumLibrary">
<arg>xpath://input[@placeholder='请输入密码']</arg>
<arg>${PASSWORD}</arg>
<doc>Types the given ``text`` into the text field identified by ``locator``.</doc>
<status status="NOT RUN" start="2025-04-10T17:42:54.697733" elapsed="0.000000"/>
</kw>
<kw name="Click Button" owner="SeleniumLibrary">
<arg>xpath://button[@type='submit']</arg>
<doc>Clicks the button identified by ``locator``.</doc>
<status status="NOT RUN" start="2025-04-10T17:42:54.697733" elapsed="0.000000"/>
</kw>
<kw name="Wait Until Page Contains">
<arg>登录成功</arg>
<arg>10</arg>
<status status="NOT RUN" start="2025-04-10T17:42:54.698732" elapsed="0.000000"/>
</kw>
<kw name="Close Browser" owner="SeleniumLibrary" type="TEARDOWN">
<doc>Closes the current browser.</doc>
<status status="PASS" start="2025-04-10T17:42:54.699050" elapsed="2.296015"/>
</kw>
<status status="FAIL" start="2025-04-10T17:42:40.840494" elapsed="16.154571">Element 'xpath://input[@placeholder='请输入用户名']' did not appear in 5 seconds.</status>
</test>
<status status="FAIL" start="2025-04-10T17:42:40.590521" elapsed="16.405531"/>
</suite>
<statistics>
<total>
<stat pass="0" fail="1" skip="0">All Tests</stat>
</total>
<tag>
</tag>
<suite>
<stat name="Main" id="s1" pass="0" fail="1" skip="0">Main</stat>
</suite>
</statistics>
<errors>
</errors>
</robot>
